               ramulator.active_cycles_0                   0                                      # Total active cycles for level _0
                 ramulator.busy_cycles_0                   0                                      # (All-bank refresh only. busy cycles only include refresh time in rank level) The sum of cycles that the DRAM part is active or under refresh for level _0
            ramulator.serving_requests_0                   0                                      # The sum of read and write requests that are served in this DRAM element per memory cycle for level _0
    ramulator.average_serving_requests_0                -nan                                      # The average of read and write requests that are served in this DRAM element per memory cycle for level _0
             ramulator.active_cycles_0_0                   0                                      # Total active cycles for level _0_0
               ramulator.busy_cycles_0_0                   0                                      # (All-bank refresh only. busy cycles only include refresh time in rank level) The sum of cycles that the DRAM part is active or under refresh for level _0_0
          ramulator.serving_requests_0_0                   0                                      # The sum of read and write requests that are served in this DRAM element per memory cycle for level _0_0
  ramulator.average_serving_requests_0_0                -nan                                      # The average of read and write requests that are served in this DRAM element per memory cycle for level _0_0
           ramulator.active_cycles_0_0_0                   0                                      # Total active cycles for level _0_0_0
             ramulator.busy_cycles_0_0_0                   0                                      # (All-bank refresh only. busy cycles only include refresh time in rank level) The sum of cycles that the DRAM part is active or under refresh for level _0_0_0
        ramulator.serving_requests_0_0_0                   0                                      # The sum of read and write requests that are served in this DRAM element per memory cycle for level _0_0_0
ramulator.average_serving_requests_0_0_0                -nan                                      # The average of read and write requests that are served in this DRAM element per memory cycle for level _0_0_0
         ramulator.active_cycles_0_0_0_0                   0                                      # Total active cycles for level _0_0_0_0
           ramulator.busy_cycles_0_0_0_0                   0                                      # (All-bank refresh only. busy cycles only include refresh time in rank level) The sum of cycles that the DRAM part is active or under refresh for level _0_0_0_0
      ramulator.serving_requests_0_0_0_0                   0                                      # The sum of read and write requests that are served in this DRAM element per memory cycle for level _0_0_0_0
ramulator.average_serving_requests_0_0_0_0                -nan                                      # The average of read and write requests that are served in this DRAM element per memory cycle for level _0_0_0_0
         ramulator.active_cycles_0_0_0_1                   0                                      # Total active cycles for level _0_0_0_1
           ramulator.busy_cycles_0_0_0_1                   0                                      # (All-bank refresh only. busy cycles only include refresh time in rank level) The sum of cycles that the DRAM part is active or under refresh for level _0_0_0_1
      ramulator.serving_requests_0_0_0_1                   0                                      # The sum of read and write requests that are served in this DRAM element per memory cycle for level _0_0_0_1
ramulator.average_serving_requests_0_0_0_1                -nan                                      # The average of read and write requests that are served in this DRAM element per memory cycle for level _0_0_0_1
         ramulator.active_cycles_0_0_0_2                   0                                      # Total active cycles for level _0_0_0_2
           ramulator.busy_cycles_0_0_0_2                   0                                      # (All-bank refresh only. busy cycles only include refresh time in rank level) The sum of cycles that the DRAM part is active or under refresh for level _0_0_0_2
      ramulator.serving_requests_0_0_0_2                   0                                      # The sum of read and write requests that are served in this DRAM element per memory cycle for level _0_0_0_2
ramulator.average_serving_requests_0_0_0_2                -nan                                      # The average of read and write requests that are served in this DRAM element per memory cycle for level _0_0_0_2
         ramulator.active_cycles_0_0_0_3                   0                                      # Total active cycles for level _0_0_0_3
           ramulator.busy_cycles_0_0_0_3                   0                                      # (All-bank refresh only. busy cycles only include refresh time in rank level) The sum of cycles that the DRAM part is active or under refresh for level _0_0_0_3
      ramulator.serving_requests_0_0_0_3                   0                                      # The sum of read and write requests that are served in this DRAM element per memory cycle for level _0_0_0_3
ramulator.average_serving_requests_0_0_0_3                -nan                                      # The average of read and write requests that are served in this DRAM element per memory cycle for level _0_0_0_3
           ramulator.active_cycles_0_0_1                   0                                      # Total active cycles for level _0_0_1
             ramulator.busy_cycles_0_0_1                   0                                      # (All-bank refresh only. busy cycles only include refresh time in rank level) The sum of cycles that the DRAM part is active or under refresh for level _0_0_1
        ramulator.serving_requests_0_0_1                   0                                      # The sum of read and write requests that are served in this DRAM element per memory cycle for level _0_0_1
ramulator.average_serving_requests_0_0_1                -nan                                      # The average of read and write requests that are served in this DRAM element per memory cycle for level _0_0_1
         ramulator.active_cycles_0_0_1_0                   0                                      # Total active cycles for level _0_0_1_0
           ramulator.busy_cycles_0_0_1_0                   0                                      # (All-bank refresh only. busy cycles only include refresh time in rank level) The sum of cycles that the DRAM part is active or under refresh for level _0_0_1_0
      ramulator.serving_requests_0_0_1_0                   0                                      # The sum of read and write requests that are served in this DRAM element per memory cycle for level _0_0_1_0
ramulator.average_serving_requests_0_0_1_0                -nan                                      # The average of read and write requests that are served in this DRAM element per memory cycle for level _0_0_1_0
         ramulator.active_cycles_0_0_1_1                   0                                      # Total active cycles for level _0_0_1_1
           ramulator.busy_cycles_0_0_1_1                   0                                      # (All-bank refresh only. busy cycles only include refresh time in rank level) The sum of cycles that the DRAM part is active or under refresh for level _0_0_1_1
      ramulator.serving_requests_0_0_1_1                   0                                      # The sum of read and write requests that are served in this DRAM element per memory cycle for level _0_0_1_1
ramulator.average_serving_requests_0_0_1_1                -nan                                      # The average of read and write requests that are served in this DRAM element per memory cycle for level _0_0_1_1
         ramulator.active_cycles_0_0_1_2                   0                                      # Total active cycles for level _0_0_1_2
           ramulator.busy_cycles_0_0_1_2                   0                                      # (All-bank refresh only. busy cycles only include refresh time in rank level) The sum of cycles that the DRAM part is active or under refresh for level _0_0_1_2
      ramulator.serving_requests_0_0_1_2                   0                                      # The sum of read and write requests that are served in this DRAM element per memory cycle for level _0_0_1_2
ramulator.average_serving_requests_0_0_1_2                -nan                                      # The average of read and write requests that are served in this DRAM element per memory cycle for level _0_0_1_2
         ramulator.active_cycles_0_0_1_3                   0                                      # Total active cycles for level _0_0_1_3
           ramulator.busy_cycles_0_0_1_3                   0                                      # (All-bank refresh only. busy cycles only include refresh time in rank level) The sum of cycles that the DRAM part is active or under refresh for level _0_0_1_3
      ramulator.serving_requests_0_0_1_3                   0                                      # The sum of read and write requests that are served in this DRAM element per memory cycle for level _0_0_1_3
ramulator.average_serving_requests_0_0_1_3                -nan                                      # The average of read and write requests that are served in this DRAM element per memory cycle for level _0_0_1_3
           ramulator.active_cycles_0_0_2                   0                                      # Total active cycles for level _0_0_2
             ramulator.busy_cycles_0_0_2                   0                                      # (All-bank refresh only. busy cycles only include refresh time in rank level) The sum of cycles that the DRAM part is active or under refresh for level _0_0_2
        ramulator.serving_requests_0_0_2                   0                                      # The sum of read and write requests that are served in this DRAM element per memory cycle for level _0_0_2
ramulator.average_serving_requests_0_0_2                -nan                                      # The average of read and write requests that are served in this DRAM element per memory cycle for level _0_0_2
         ramulator.active_cycles_0_0_2_0                   0                                      # Total active cycles for level _0_0_2_0
           ramulator.busy_cycles_0_0_2_0                   0                                      # (All-bank refresh only. busy cycles only include refresh time in rank level) The sum of cycles that the DRAM part is active or under refresh for level _0_0_2_0
      ramulator.serving_requests_0_0_2_0                   0                                      # The sum of read and write requests that are served in this DRAM element per memory cycle for level _0_0_2_0
ramulator.average_serving_requests_0_0_2_0                -nan                                      # The average of read and write requests that are served in this DRAM element per memory cycle for level _0_0_2_0
         ramulator.active_cycles_0_0_2_1                   0                                      # Total active cycles for level _0_0_2_1
           ramulator.busy_cycles_0_0_2_1                   0                                      # (All-bank refresh only. busy cycles only include refresh time in rank level) The sum of cycles that the DRAM part is active or under refresh for level _0_0_2_1
      ramulator.serving_requests_0_0_2_1                   0                                      # The sum of read and write requests that are served in this DRAM element per memory cycle for level _0_0_2_1
ramulator.average_serving_requests_0_0_2_1                -nan                                      # The average of read and write requests that are served in this DRAM element per memory cycle for level _0_0_2_1
         ramulator.active_cycles_0_0_2_2                   0                                      # Total active cycles for level _0_0_2_2
           ramulator.busy_cycles_0_0_2_2                   0                                      # (All-bank refresh only. busy cycles only include refresh time in rank level) The sum of cycles that the DRAM part is active or under refresh for level _0_0_2_2
      ramulator.serving_requests_0_0_2_2                   0                                      # The sum of read and write requests that are served in this DRAM element per memory cycle for level _0_0_2_2
ramulator.average_serving_requests_0_0_2_2                -nan                                      # The average of read and write requests that are served in this DRAM element per memory cycle for level _0_0_2_2
         ramulator.active_cycles_0_0_2_3                   0                                      # Total active cycles for level _0_0_2_3
           ramulator.busy_cycles_0_0_2_3                   0                                      # (All-bank refresh only. busy cycles only include refresh time in rank level) The sum of cycles that the DRAM part is active or under refresh for level _0_0_2_3
      ramulator.serving_requests_0_0_2_3                   0                                      # The sum of read and write requests that are served in this DRAM element per memory cycle for level _0_0_2_3
ramulator.average_serving_requests_0_0_2_3                -nan                                      # The average of read and write requests that are served in this DRAM element per memory cycle for level _0_0_2_3
           ramulator.active_cycles_0_0_3                   0                                      # Total active cycles for level _0_0_3
             ramulator.busy_cycles_0_0_3                   0                                      # (All-bank refresh only. busy cycles only include refresh time in rank level) The sum of cycles that the DRAM part is active or under refresh for level _0_0_3
        ramulator.serving_requests_0_0_3                   0                                      # The sum of read and write requests that are served in this DRAM element per memory cycle for level _0_0_3
ramulator.average_serving_requests_0_0_3                -nan                                      # The average of read and write requests that are served in this DRAM element per memory cycle for level _0_0_3
         ramulator.active_cycles_0_0_3_0                   0                                      # Total active cycles for level _0_0_3_0
           ramulator.busy_cycles_0_0_3_0                   0                                      # (All-bank refresh only. busy cycles only include refresh time in rank level) The sum of cycles that the DRAM part is active or under refresh for level _0_0_3_0
      ramulator.serving_requests_0_0_3_0                   0                                      # The sum of read and write requests that are served in this DRAM element per memory cycle for level _0_0_3_0
ramulator.average_serving_requests_0_0_3_0                -nan                                      # The average of read and write requests that are served in this DRAM element per memory cycle for level _0_0_3_0
         ramulator.active_cycles_0_0_3_1                   0                                      # Total active cycles for level _0_0_3_1
           ramulator.busy_cycles_0_0_3_1                   0                                      # (All-bank refresh only. busy cycles only include refresh time in rank level) The sum of cycles that the DRAM part is active or under refresh for level _0_0_3_1
      ramulator.serving_requests_0_0_3_1                   0                                      # The sum of read and write requests that are served in this DRAM element per memory cycle for level _0_0_3_1
ramulator.average_serving_requests_0_0_3_1                -nan                                      # The average of read and write requests that are served in this DRAM element per memory cycle for level _0_0_3_1
         ramulator.active_cycles_0_0_3_2                   0                                      # Total active cycles for level _0_0_3_2
           ramulator.busy_cycles_0_0_3_2                   0                                      # (All-bank refresh only. busy cycles only include refresh time in rank level) The sum of cycles that the DRAM part is active or under refresh for level _0_0_3_2
      ramulator.serving_requests_0_0_3_2                   0                                      # The sum of read and write requests that are served in this DRAM element per memory cycle for level _0_0_3_2
ramulator.average_serving_requests_0_0_3_2                -nan                                      # The average of read and write requests that are served in this DRAM element per memory cycle for level _0_0_3_2
         ramulator.active_cycles_0_0_3_3                   0                                      # Total active cycles for level _0_0_3_3
           ramulator.busy_cycles_0_0_3_3                   0                                      # (All-bank refresh only. busy cycles only include refresh time in rank level) The sum of cycles that the DRAM part is active or under refresh for level _0_0_3_3
      ramulator.serving_requests_0_0_3_3                   0                                      # The sum of read and write requests that are served in this DRAM element per memory cycle for level _0_0_3_3
ramulator.average_serving_requests_0_0_3_3                -nan                                      # The average of read and write requests that are served in this DRAM element per memory cycle for level _0_0_3_3
      ramulator.read_transaction_bytes_0                   0                                      # The total byte of read transaction per channel
     ramulator.write_transaction_bytes_0                   0                                      # The total byte of write transaction per channel
       ramulator.row_hits_channel_0_core                   0                                      # Number of row hits per channel per core
     ramulator.row_misses_channel_0_core                   0                                      # Number of row misses per channel per core
  ramulator.row_conflicts_channel_0_core                   0                                      # Number of row conflicts per channel per core
  ramulator.read_row_hits_channel_0_core                   0                                      # Number of row hits for read requests per channel per core
                                     [0]                 0.0                                      # 
ramulator.read_row_misses_channel_0_core                   0                                      # Number of row misses for read requests per channel per core
                                     [0]                 0.0                                      # 
ramulator.read_row_conflicts_channel_0_core                   0                                      # Number of row conflicts for read requests per channel per core
                                     [0]                 0.0                                      # 
 ramulator.write_row_hits_channel_0_core                   0                                      # Number of row hits for write requests per channel per core
                                     [0]                 0.0                                      # 
ramulator.write_row_misses_channel_0_core                   0                                      # Number of row misses for write requests per channel per core
                                     [0]                 0.0                                      # 
ramulator.write_row_conflicts_channel_0_core                   0                                      # Number of row conflicts for write requests per channel per core
                                     [0]                 0.0                                      # 
      ramulator.useless_activates_0_core                   0                                      # Number of useless activations. E.g, ACT -> PRE w/o RD or WR
            ramulator.read_latency_avg_0                -nan                                      # The average memory latency cycles (in memory time domain) per request for all read requests in this channel
            ramulator.read_latency_sum_0                   0                                      # The memory latency cycles (in memory time domain) sum for all read requests in this channel
        ramulator.req_queue_length_avg_0                -nan                                      # Average of read and write queue length per memory cycle per channel.
        ramulator.req_queue_length_sum_0                   0                                      # Sum of read and write queue length per memory cycle per channel.
   ramulator.read_req_queue_length_avg_0                -nan                                      # Read queue length average per memory cycle per channel.
   ramulator.read_req_queue_length_sum_0                   0                                      # Read queue length sum per memory cycle per channel.
  ramulator.write_req_queue_length_avg_0                -nan                                      # Write queue length average per memory cycle per channel.
  ramulator.write_req_queue_length_sum_0                   0                                      # Write queue length sum per memory cycle per channel.
              ramulator.record_read_hits                 0.0                                      # record read hit count for this core when it reaches request limit or to the end
                                     [0]                 0.0                                      # 
            ramulator.record_read_misses                 0.0                                      # record_read_miss count for this core when it reaches request limit or to the end
                                     [0]                 0.0                                      # 
         ramulator.record_read_conflicts                 0.0                                      # record read conflict count for this core when it reaches request limit or to the end
                                     [0]                 0.0                                      # 
             ramulator.record_write_hits                 0.0                                      # record write hit count for this core when it reaches request limit or to the end
                                     [0]                 0.0                                      # 
           ramulator.record_write_misses                 0.0                                      # record write miss count for this core when it reaches request limit or to the end
                                     [0]                 0.0                                      # 
        ramulator.record_write_conflicts                 0.0                                      # record write conflict for this core when it reaches request limit or to the end
                                     [0]                 0.0                                      # 
               ramulator.active_cycles_1                   0                                      # Total active cycles for level _1
                 ramulator.busy_cycles_1                   0                                      # (All-bank refresh only. busy cycles only include refresh time in rank level) The sum of cycles that the DRAM part is active or under refresh for level _1
            ramulator.serving_requests_1                   0                                      # The sum of read and write requests that are served in this DRAM element per memory cycle for level _1
    ramulator.average_serving_requests_1                -nan                                      # The average of read and write requests that are served in this DRAM element per memory cycle for level _1
             ramulator.active_cycles_1_0                   0                                      # Total active cycles for level _1_0
               ramulator.busy_cycles_1_0                   0                                      # (All-bank refresh only. busy cycles only include refresh time in rank level) The sum of cycles that the DRAM part is active or under refresh for level _1_0
          ramulator.serving_requests_1_0                   0                                      # The sum of read and write requests that are served in this DRAM element per memory cycle for level _1_0
  ramulator.average_serving_requests_1_0                -nan                                      # The average of read and write requests that are served in this DRAM element per memory cycle for level _1_0
           ramulator.active_cycles_1_0_0                   0                                      # Total active cycles for level _1_0_0
             ramulator.busy_cycles_1_0_0                   0                                      # (All-bank refresh only. busy cycles only include refresh time in rank level) The sum of cycles that the DRAM part is active or under refresh for level _1_0_0
        ramulator.serving_requests_1_0_0                   0                                      # The sum of read and write requests that are served in this DRAM element per memory cycle for level _1_0_0
ramulator.average_serving_requests_1_0_0                -nan                                      # The average of read and write requests that are served in this DRAM element per memory cycle for level _1_0_0
         ramulator.active_cycles_1_0_0_0                   0                                      # Total active cycles for level _1_0_0_0
           ramulator.busy_cycles_1_0_0_0                   0                                      # (All-bank refresh only. busy cycles only include refresh time in rank level) The sum of cycles that the DRAM part is active or under refresh for level _1_0_0_0
      ramulator.serving_requests_1_0_0_0                   0                                      # The sum of read and write requests that are served in this DRAM element per memory cycle for level _1_0_0_0
ramulator.average_serving_requests_1_0_0_0                -nan                                      # The average of read and write requests that are served in this DRAM element per memory cycle for level _1_0_0_0
         ramulator.active_cycles_1_0_0_1                   0                                      # Total active cycles for level _1_0_0_1
           ramulator.busy_cycles_1_0_0_1                   0                                      # (All-bank refresh only. busy cycles only include refresh time in rank level) The sum of cycles that the DRAM part is active or under refresh for level _1_0_0_1
      ramulator.serving_requests_1_0_0_1                   0                                      # The sum of read and write requests that are served in this DRAM element per memory cycle for level _1_0_0_1
ramulator.average_serving_requests_1_0_0_1                -nan                                      # The average of read and write requests that are served in this DRAM element per memory cycle for level _1_0_0_1
         ramulator.active_cycles_1_0_0_2                   0                                      # Total active cycles for level _1_0_0_2
           ramulator.busy_cycles_1_0_0_2                   0                                      # (All-bank refresh only. busy cycles only include refresh time in rank level) The sum of cycles that the DRAM part is active or under refresh for level _1_0_0_2
      ramulator.serving_requests_1_0_0_2                   0                                      # The sum of read and write requests that are served in this DRAM element per memory cycle for level _1_0_0_2
ramulator.average_serving_requests_1_0_0_2                -nan                                      # The average of read and write requests that are served in this DRAM element per memory cycle for level _1_0_0_2
         ramulator.active_cycles_1_0_0_3                   0                                      # Total active cycles for level _1_0_0_3
           ramulator.busy_cycles_1_0_0_3                   0                                      # (All-bank refresh only. busy cycles only include refresh time in rank level) The sum of cycles that the DRAM part is active or under refresh for level _1_0_0_3
      ramulator.serving_requests_1_0_0_3                   0                                      # The sum of read and write requests that are served in this DRAM element per memory cycle for level _1_0_0_3
ramulator.average_serving_requests_1_0_0_3                -nan                                      # The average of read and write requests that are served in this DRAM element per memory cycle for level _1_0_0_3
           ramulator.active_cycles_1_0_1                   0                                      # Total active cycles for level _1_0_1
             ramulator.busy_cycles_1_0_1                   0                                      # (All-bank refresh only. busy cycles only include refresh time in rank level) The sum of cycles that the DRAM part is active or under refresh for level _1_0_1
        ramulator.serving_requests_1_0_1                   0                                      # The sum of read and write requests that are served in this DRAM element per memory cycle for level _1_0_1
ramulator.average_serving_requests_1_0_1                -nan                                      # The average of read and write requests that are served in this DRAM element per memory cycle for level _1_0_1
         ramulator.active_cycles_1_0_1_0                   0                                      # Total active cycles for level _1_0_1_0
           ramulator.busy_cycles_1_0_1_0                   0                                      # (All-bank refresh only. busy cycles only include refresh time in rank level) The sum of cycles that the DRAM part is active or under refresh for level _1_0_1_0
      ramulator.serving_requests_1_0_1_0                   0                                      # The sum of read and write requests that are served in this DRAM element per memory cycle for level _1_0_1_0
ramulator.average_serving_requests_1_0_1_0                -nan                                      # The average of read and write requests that are served in this DRAM element per memory cycle for level _1_0_1_0
         ramulator.active_cycles_1_0_1_1                   0                                      # Total active cycles for level _1_0_1_1
           ramulator.busy_cycles_1_0_1_1                   0                                      # (All-bank refresh only. busy cycles only include refresh time in rank level) The sum of cycles that the DRAM part is active or under refresh for level _1_0_1_1
      ramulator.serving_requests_1_0_1_1                   0                                      # The sum of read and write requests that are served in this DRAM element per memory cycle for level _1_0_1_1
ramulator.average_serving_requests_1_0_1_1                -nan                                      # The average of read and write requests that are served in this DRAM element per memory cycle for level _1_0_1_1
         ramulator.active_cycles_1_0_1_2                   0                                      # Total active cycles for level _1_0_1_2
           ramulator.busy_cycles_1_0_1_2                   0                                      # (All-bank refresh only. busy cycles only include refresh time in rank level) The sum of cycles that the DRAM part is active or under refresh for level _1_0_1_2
      ramulator.serving_requests_1_0_1_2                   0                                      # The sum of read and write requests that are served in this DRAM element per memory cycle for level _1_0_1_2
ramulator.average_serving_requests_1_0_1_2                -nan                                      # The average of read and write requests that are served in this DRAM element per memory cycle for level _1_0_1_2
         ramulator.active_cycles_1_0_1_3                   0                                      # Total active cycles for level _1_0_1_3
           ramulator.busy_cycles_1_0_1_3                   0                                      # (All-bank refresh only. busy cycles only include refresh time in rank level) The sum of cycles that the DRAM part is active or under refresh for level _1_0_1_3
      ramulator.serving_requests_1_0_1_3                   0                                      # The sum of read and write requests that are served in this DRAM element per memory cycle for level _1_0_1_3
ramulator.average_serving_requests_1_0_1_3                -nan                                      # The average of read and write requests that are served in this DRAM element per memory cycle for level _1_0_1_3
           ramulator.active_cycles_1_0_2                   0                                      # Total active cycles for level _1_0_2
             ramulator.busy_cycles_1_0_2                   0                                      # (All-bank refresh only. busy cycles only include refresh time in rank level) The sum of cycles that the DRAM part is active or under refresh for level _1_0_2
        ramulator.serving_requests_1_0_2                   0                                      # The sum of read and write requests that are served in this DRAM element per memory cycle for level _1_0_2
ramulator.average_serving_requests_1_0_2                -nan                                      # The average of read and write requests that are served in this DRAM element per memory cycle for level _1_0_2
         ramulator.active_cycles_1_0_2_0                   0                                      # Total active cycles for level _1_0_2_0
           ramulator.busy_cycles_1_0_2_0                   0                                      # (All-bank refresh only. busy cycles only include refresh time in rank level) The sum of cycles that the DRAM part is active or under refresh for level _1_0_2_0
      ramulator.serving_requests_1_0_2_0                   0                                      # The sum of read and write requests that are served in this DRAM element per memory cycle for level _1_0_2_0
ramulator.average_serving_requests_1_0_2_0                -nan                                      # The average of read and write requests that are served in this DRAM element per memory cycle for level _1_0_2_0
         ramulator.active_cycles_1_0_2_1                   0                                      # Total active cycles for level _1_0_2_1
           ramulator.busy_cycles_1_0_2_1                   0                                      # (All-bank refresh only. busy cycles only include refresh time in rank level) The sum of cycles that the DRAM part is active or under refresh for level _1_0_2_1
      ramulator.serving_requests_1_0_2_1                   0                                      # The sum of read and write requests that are served in this DRAM element per memory cycle for level _1_0_2_1
ramulator.average_serving_requests_1_0_2_1                -nan                                      # The average of read and write requests that are served in this DRAM element per memory cycle for level _1_0_2_1
         ramulator.active_cycles_1_0_2_2                   0                                      # Total active cycles for level _1_0_2_2
           ramulator.busy_cycles_1_0_2_2                   0                                      # (All-bank refresh only. busy cycles only include refresh time in rank level) The sum of cycles that the DRAM part is active or under refresh for level _1_0_2_2
      ramulator.serving_requests_1_0_2_2                   0                                      # The sum of read and write requests that are served in this DRAM element per memory cycle for level _1_0_2_2
ramulator.average_serving_requests_1_0_2_2                -nan                                      # The average of read and write requests that are served in this DRAM element per memory cycle for level _1_0_2_2
         ramulator.active_cycles_1_0_2_3                   0                                      # Total active cycles for level _1_0_2_3
           ramulator.busy_cycles_1_0_2_3                   0                                      # (All-bank refresh only. busy cycles only include refresh time in rank level) The sum of cycles that the DRAM part is active or under refresh for level _1_0_2_3
      ramulator.serving_requests_1_0_2_3                   0                                      # The sum of read and write requests that are served in this DRAM element per memory cycle for level _1_0_2_3
ramulator.average_serving_requests_1_0_2_3                -nan                                      # The average of read and write requests that are served in this DRAM element per memory cycle for level _1_0_2_3
           ramulator.active_cycles_1_0_3                   0                                      # Total active cycles for level _1_0_3
             ramulator.busy_cycles_1_0_3                   0                                      # (All-bank refresh only. busy cycles only include refresh time in rank level) The sum of cycles that the DRAM part is active or under refresh for level _1_0_3
        ramulator.serving_requests_1_0_3                   0                                      # The sum of read and write requests that are served in this DRAM element per memory cycle for level _1_0_3
ramulator.average_serving_requests_1_0_3                -nan                                      # The average of read and write requests that are served in this DRAM element per memory cycle for level _1_0_3
         ramulator.active_cycles_1_0_3_0                   0                                      # Total active cycles for level _1_0_3_0
           ramulator.busy_cycles_1_0_3_0                   0                                      # (All-bank refresh only. busy cycles only include refresh time in rank level) The sum of cycles that the DRAM part is active or under refresh for level _1_0_3_0
      ramulator.serving_requests_1_0_3_0                   0                                      # The sum of read and write requests that are served in this DRAM element per memory cycle for level _1_0_3_0
ramulator.average_serving_requests_1_0_3_0                -nan                                      # The average of read and write requests that are served in this DRAM element per memory cycle for level _1_0_3_0
         ramulator.active_cycles_1_0_3_1                   0                                      # Total active cycles for level _1_0_3_1
           ramulator.busy_cycles_1_0_3_1                   0                                      # (All-bank refresh only. busy cycles only include refresh time in rank level) The sum of cycles that the DRAM part is active or under refresh for level _1_0_3_1
      ramulator.serving_requests_1_0_3_1                   0                                      # The sum of read and write requests that are served in this DRAM element per memory cycle for level _1_0_3_1
ramulator.average_serving_requests_1_0_3_1                -nan                                      # The average of read and write requests that are served in this DRAM element per memory cycle for level _1_0_3_1
         ramulator.active_cycles_1_0_3_2                   0                                      # Total active cycles for level _1_0_3_2
           ramulator.busy_cycles_1_0_3_2                   0                                      # (All-bank refresh only. busy cycles only include refresh time in rank level) The sum of cycles that the DRAM part is active or under refresh for level _1_0_3_2
      ramulator.serving_requests_1_0_3_2                   0                                      # The sum of read and write requests that are served in this DRAM element per memory cycle for level _1_0_3_2
ramulator.average_serving_requests_1_0_3_2                -nan                                      # The average of read and write requests that are served in this DRAM element per memory cycle for level _1_0_3_2
         ramulator.active_cycles_1_0_3_3                   0                                      # Total active cycles for level _1_0_3_3
           ramulator.busy_cycles_1_0_3_3                   0                                      # (All-bank refresh only. busy cycles only include refresh time in rank level) The sum of cycles that the DRAM part is active or under refresh for level _1_0_3_3
      ramulator.serving_requests_1_0_3_3                   0                                      # The sum of read and write requests that are served in this DRAM element per memory cycle for level _1_0_3_3
ramulator.average_serving_requests_1_0_3_3                -nan                                      # The average of read and write requests that are served in this DRAM element per memory cycle for level _1_0_3_3
      ramulator.read_transaction_bytes_1                   0                                      # The total byte of read transaction per channel
     ramulator.write_transaction_bytes_1                   0                                      # The total byte of write transaction per channel
       ramulator.row_hits_channel_1_core                   0                                      # Number of row hits per channel per core
     ramulator.row_misses_channel_1_core                   0                                      # Number of row misses per channel per core
  ramulator.row_conflicts_channel_1_core                   0                                      # Number of row conflicts per channel per core
  ramulator.read_row_hits_channel_1_core                   0                                      # Number of row hits for read requests per channel per core
                                     [0]                 0.0                                      # 
ramulator.read_row_misses_channel_1_core                   0                                      # Number of row misses for read requests per channel per core
                                     [0]                 0.0                                      # 
ramulator.read_row_conflicts_channel_1_core                   0                                      # Number of row conflicts for read requests per channel per core
                                     [0]                 0.0                                      # 
 ramulator.write_row_hits_channel_1_core                   0                                      # Number of row hits for write requests per channel per core
                                     [0]                 0.0                                      # 
ramulator.write_row_misses_channel_1_core                   0                                      # Number of row misses for write requests per channel per core
                                     [0]                 0.0                                      # 
ramulator.write_row_conflicts_channel_1_core                   0                                      # Number of row conflicts for write requests per channel per core
                                     [0]                 0.0                                      # 
      ramulator.useless_activates_1_core                   0                                      # Number of useless activations. E.g, ACT -> PRE w/o RD or WR
            ramulator.read_latency_avg_1                -nan                                      # The average memory latency cycles (in memory time domain) per request for all read requests in this channel
            ramulator.read_latency_sum_1                   0                                      # The memory latency cycles (in memory time domain) sum for all read requests in this channel
        ramulator.req_queue_length_avg_1                -nan                                      # Average of read and write queue length per memory cycle per channel.
        ramulator.req_queue_length_sum_1                   0                                      # Sum of read and write queue length per memory cycle per channel.
   ramulator.read_req_queue_length_avg_1                -nan                                      # Read queue length average per memory cycle per channel.
   ramulator.read_req_queue_length_sum_1                   0                                      # Read queue length sum per memory cycle per channel.
  ramulator.write_req_queue_length_avg_1                -nan                                      # Write queue length average per memory cycle per channel.
  ramulator.write_req_queue_length_sum_1                   0                                      # Write queue length sum per memory cycle per channel.
              ramulator.record_read_hits                 0.0                                      # record read hit count for this core when it reaches request limit or to the end
                                     [0]                 0.0                                      # 
            ramulator.record_read_misses                 0.0                                      # record_read_miss count for this core when it reaches request limit or to the end
                                     [0]                 0.0                                      # 
         ramulator.record_read_conflicts                 0.0                                      # record read conflict count for this core when it reaches request limit or to the end
                                     [0]                 0.0                                      # 
             ramulator.record_write_hits                 0.0                                      # record write hit count for this core when it reaches request limit or to the end
                                     [0]                 0.0                                      # 
           ramulator.record_write_misses                 0.0                                      # record write miss count for this core when it reaches request limit or to the end
                                     [0]                 0.0                                      # 
        ramulator.record_write_conflicts                 0.0                                      # record write conflict for this core when it reaches request limit or to the end
                                     [0]                 0.0                                      # 
                 ramulator.dram_capacity          8589934592                                      # Number of bytes in simulated DRAM
                   ramulator.dram_cycles                   0                                      # Number of DRAM cycles simulated
             ramulator.incoming_requests                   0                                      # Number of incoming requests to DRAM
                 ramulator.read_requests                   0                                      # Number of incoming read requests to DRAM per core
                                     [0]                 0.0                                      # 
                ramulator.write_requests                   0                                      # Number of incoming write requests to DRAM per core
                                     [0]                 0.0                                      # 
       ramulator.ramulator_active_cycles                   0                                      # The total number of cycles that the DRAM part is active (serving R/W)
 ramulator.incoming_requests_per_channel                 0.0                                      # Number of incoming requests to each DRAM channel
                                     [0]                 0.0                                      # 
                                     [1]                 0.0                                      # 
ramulator.incoming_read_reqs_per_channel                 0.0                                      # Number of incoming read requests to each DRAM channel
                                     [0]                 0.0                                      # 
                                     [1]                 0.0                                      # 
     ramulator.physical_page_replacement                   0                                      # The number of times that physical page replacement happens.
             ramulator.maximum_bandwidth         38400000000                                      # The theoretical maximum bandwidth (Bps)
          ramulator.in_queue_req_num_sum                   0                                      # Sum of read/write queue length
     ramulator.in_queue_read_req_num_sum                   0                                      # Sum of read queue length
    ramulator.in_queue_write_req_num_sum                   0                                      # Sum of write queue length
          ramulator.in_queue_req_num_avg                -nan                                      # Average of read/write queue length per memory cycle
     ramulator.in_queue_read_req_num_avg                -nan                                      # Average of read queue length per memory cycle
    ramulator.in_queue_write_req_num_avg                -nan                                      # Average of write queue length per memory cycle
          ramulator.record_read_requests                 0.0                                      # record read requests for this core when it reaches request limit or to the end
                                     [0]                 0.0                                      # 
         ramulator.record_write_requests                 0.0                                      # record write requests for this core when it reaches request limit or to the end
                                     [0]                 0.0                                      # 
